{"/Users/lucdalton/node-text-match/index.js":{"path":"/Users/lucdalton/node-text-match/index.js","s":{"1":1,"2":1,"3":1,"4":34,"5":112,"6":21,"7":13,"8":1,"9":7,"10":3,"11":4,"12":1,"13":26,"14":2,"15":24,"16":18,"17":17,"18":7,"19":1,"20":6,"21":1,"22":5,"23":1,"24":4,"25":4,"26":4,"27":1,"28":7,"29":7,"30":46,"31":1,"32":1,"33":7,"34":35,"35":7,"36":32,"37":7,"38":7,"39":2,"40":7,"41":5,"42":2,"43":1,"44":5,"45":5,"46":1,"47":8,"48":8,"49":1,"50":3,"51":3,"52":1,"53":11,"54":11,"55":1,"56":10,"57":2,"58":2,"59":0,"60":0,"61":8,"62":2,"63":6,"64":5,"65":1,"66":1,"67":1,"68":1,"69":1,"70":1,"71":1,"72":1,"73":1},"b":{"1":[21,91],"2":[3,4],"3":[7,4,4,4],"4":[2,24],"5":[26,2],"6":[18,6],"7":[24,23,22],"8":[17,1],"9":[18,17],"10":[1,6],"11":[1,5],"12":[6,5],"13":[1,4],"14":[4,0],"15":[1,45],"16":[7,28],"17":[7,25],"18":[2,5],"19":[5,2],"20":[1,10],"21":[2,8],"22":[2,0],"23":[2,2],"24":[0,0],"25":[0,0],"26":[2,6],"27":[5,1],"28":[1,0]},"f":{"1":34,"2":7,"3":26,"4":7,"5":5,"6":8,"7":3,"8":11},"fnMap":{"1":{"name":"(anonymous_1)","line":10,"loc":{"start":{"line":10,"column":26},"end":{"line":10,"column":42}}},"2":{"name":"withinCheck","line":20,"loc":{"start":{"line":20,"column":0},"end":{"line":20,"column":27}}},"3":{"name":"checkQuery","line":30,"loc":{"start":{"line":30,"column":0},"end":{"line":30,"column":26}}},"4":{"name":"within","line":65,"loc":{"start":{"line":65,"column":0},"end":{"line":65,"column":28}}},"5":{"name":"exact","line":95,"loc":{"start":{"line":95,"column":0},"end":{"line":95,"column":26}}},"6":{"name":"looseMatch","line":101,"loc":{"start":{"line":101,"column":0},"end":{"line":101,"column":31}}},"7":{"name":"notMatch","line":108,"loc":{"start":{"line":108,"column":0},"end":{"line":108,"column":29}}},"8":{"name":"parseQuery","line":117,"loc":{"start":{"line":117,"column":0},"end":{"line":117,"column":32}}}},"statementMap":{"1":{"start":{"line":7,"column":0},"end":{"line":7,"column":67}},"2":{"start":{"line":8,"column":0},"end":{"line":8,"column":46}},"3":{"start":{"line":10,"column":0},"end":{"line":18,"column":1}},"4":{"start":{"line":11,"column":4},"end":{"line":15,"column":5}},"5":{"start":{"line":12,"column":6},"end":{"line":14,"column":7}},"6":{"start":{"line":13,"column":8},"end":{"line":13,"column":17}},"7":{"start":{"line":17,"column":4},"end":{"line":17,"column":14}},"8":{"start":{"line":20,"column":0},"end":{"line":28,"column":1}},"9":{"start":{"line":21,"column":1},"end":{"line":23,"column":2}},"10":{"start":{"line":22,"column":2},"end":{"line":22,"column":14}},"11":{"start":{"line":25,"column":1},"end":{"line":25,"column":37}},"12":{"start":{"line":30,"column":0},"end":{"line":62,"column":1}},"13":{"start":{"line":32,"column":1},"end":{"line":34,"column":2}},"14":{"start":{"line":33,"column":2},"end":{"line":33,"column":9}},"15":{"start":{"line":36,"column":1},"end":{"line":40,"column":2}},"16":{"start":{"line":37,"column":2},"end":{"line":39,"column":3}},"17":{"start":{"line":38,"column":3},"end":{"line":38,"column":10}},"18":{"start":{"line":43,"column":1},"end":{"line":45,"column":2}},"19":{"start":{"line":44,"column":2},"end":{"line":44,"column":38}},"20":{"start":{"line":48,"column":1},"end":{"line":50,"column":2}},"21":{"start":{"line":49,"column":2},"end":{"line":49,"column":38}},"22":{"start":{"line":52,"column":1},"end":{"line":54,"column":2}},"23":{"start":{"line":53,"column":2},"end":{"line":53,"column":38}},"24":{"start":{"line":56,"column":1},"end":{"line":58,"column":2}},"25":{"start":{"line":57,"column":2},"end":{"line":57,"column":25}},"26":{"start":{"line":60,"column":1},"end":{"line":60,"column":24}},"27":{"start":{"line":65,"column":0},"end":{"line":93,"column":1}},"28":{"start":{"line":67,"column":1},"end":{"line":67,"column":26}},"29":{"start":{"line":68,"column":1},"end":{"line":73,"column":2}},"30":{"start":{"line":69,"column":2},"end":{"line":72,"column":3}},"31":{"start":{"line":70,"column":3},"end":{"line":70,"column":23}},"32":{"start":{"line":71,"column":3},"end":{"line":71,"column":7}},"33":{"start":{"line":75,"column":1},"end":{"line":91,"column":2}},"34":{"start":{"line":76,"column":2},"end":{"line":90,"column":3}},"35":{"start":{"line":77,"column":3},"end":{"line":89,"column":4}},"36":{"start":{"line":78,"column":4},"end":{"line":88,"column":5}},"37":{"start":{"line":79,"column":5},"end":{"line":79,"column":20}},"38":{"start":{"line":80,"column":5},"end":{"line":82,"column":6}},"39":{"start":{"line":81,"column":6},"end":{"line":81,"column":17}},"40":{"start":{"line":84,"column":5},"end":{"line":86,"column":6}},"41":{"start":{"line":85,"column":6},"end":{"line":85,"column":18}},"42":{"start":{"line":92,"column":1},"end":{"line":92,"column":14}},"43":{"start":{"line":95,"column":0},"end":{"line":99,"column":1}},"44":{"start":{"line":97,"column":1},"end":{"line":97,"column":27}},"45":{"start":{"line":98,"column":1},"end":{"line":98,"column":22}},"46":{"start":{"line":101,"column":0},"end":{"line":106,"column":1}},"47":{"start":{"line":103,"column":1},"end":{"line":103,"column":41}},"48":{"start":{"line":104,"column":1},"end":{"line":104,"column":36}},"49":{"start":{"line":108,"column":0},"end":{"line":112,"column":1}},"50":{"start":{"line":110,"column":1},"end":{"line":110,"column":41}},"51":{"start":{"line":111,"column":1},"end":{"line":111,"column":37}},"52":{"start":{"line":117,"column":0},"end":{"line":151,"column":1}},"53":{"start":{"line":119,"column":1},"end":{"line":119,"column":19}},"54":{"start":{"line":121,"column":1},"end":{"line":123,"column":2}},"55":{"start":{"line":122,"column":2},"end":{"line":122,"column":29}},"56":{"start":{"line":125,"column":1},"end":{"line":136,"column":2}},"57":{"start":{"line":128,"column":2},"end":{"line":130,"column":3}},"58":{"start":{"line":129,"column":3},"end":{"line":129,"column":73}},"59":{"start":{"line":132,"column":2},"end":{"line":134,"column":3}},"60":{"start":{"line":133,"column":3},"end":{"line":133,"column":73}},"61":{"start":{"line":139,"column":1},"end":{"line":141,"column":2}},"62":{"start":{"line":140,"column":2},"end":{"line":140,"column":33}},"63":{"start":{"line":143,"column":1},"end":{"line":145,"column":2}},"64":{"start":{"line":144,"column":2},"end":{"line":144,"column":38}},"65":{"start":{"line":147,"column":1},"end":{"line":149,"column":2}},"66":{"start":{"line":148,"column":2},"end":{"line":148,"column":36}},"67":{"start":{"line":156,"column":0},"end":{"line":156,"column":39}},"68":{"start":{"line":157,"column":0},"end":{"line":157,"column":31}},"69":{"start":{"line":158,"column":0},"end":{"line":158,"column":29}},"70":{"start":{"line":159,"column":0},"end":{"line":159,"column":39}},"71":{"start":{"line":160,"column":0},"end":{"line":160,"column":35}},"72":{"start":{"line":161,"column":0},"end":{"line":161,"column":39}},"73":{"start":{"line":162,"column":0},"end":{"line":162,"column":41}}},"branchMap":{"1":{"line":12,"type":"if","locations":[{"start":{"line":12,"column":6},"end":{"line":12,"column":6}},{"start":{"line":12,"column":6},"end":{"line":12,"column":6}}]},"2":{"line":21,"type":"if","locations":[{"start":{"line":21,"column":1},"end":{"line":21,"column":1}},{"start":{"line":21,"column":1},"end":{"line":21,"column":1}}]},"3":{"line":21,"type":"binary-expr","locations":[{"start":{"line":21,"column":5},"end":{"line":21,"column":27}},{"start":{"line":21,"column":33},"end":{"line":21,"column":62}},{"start":{"line":21,"column":68},"end":{"line":21,"column":97}},{"start":{"line":21,"column":103},"end":{"line":21,"column":134}}]},"4":{"line":32,"type":"if","locations":[{"start":{"line":32,"column":1},"end":{"line":32,"column":1}},{"start":{"line":32,"column":1},"end":{"line":32,"column":1}}]},"5":{"line":32,"type":"binary-expr","locations":[{"start":{"line":32,"column":5},"end":{"line":32,"column":27}},{"start":{"line":32,"column":33},"end":{"line":32,"column":51}}]},"6":{"line":36,"type":"if","locations":[{"start":{"line":36,"column":1},"end":{"line":36,"column":1}},{"start":{"line":36,"column":1},"end":{"line":36,"column":1}}]},"7":{"line":36,"type":"binary-expr","locations":[{"start":{"line":36,"column":4},"end":{"line":36,"column":14}},{"start":{"line":36,"column":18},"end":{"line":36,"column":28}},{"start":{"line":36,"column":32},"end":{"line":36,"column":43}}]},"8":{"line":37,"type":"if","locations":[{"start":{"line":37,"column":2},"end":{"line":37,"column":2}},{"start":{"line":37,"column":2},"end":{"line":37,"column":2}}]},"9":{"line":37,"type":"binary-expr","locations":[{"start":{"line":37,"column":6},"end":{"line":37,"column":45}},{"start":{"line":37,"column":51},"end":{"line":37,"column":80}}]},"10":{"line":43,"type":"if","locations":[{"start":{"line":43,"column":1},"end":{"line":43,"column":1}},{"start":{"line":43,"column":1},"end":{"line":43,"column":1}}]},"11":{"line":48,"type":"if","locations":[{"start":{"line":48,"column":1},"end":{"line":48,"column":1}},{"start":{"line":48,"column":1},"end":{"line":48,"column":1}}]},"12":{"line":48,"type":"binary-expr","locations":[{"start":{"line":48,"column":6},"end":{"line":48,"column":16}},{"start":{"line":48,"column":20},"end":{"line":48,"column":30}}]},"13":{"line":52,"type":"if","locations":[{"start":{"line":52,"column":1},"end":{"line":52,"column":1}},{"start":{"line":52,"column":1},"end":{"line":52,"column":1}}]},"14":{"line":56,"type":"if","locations":[{"start":{"line":56,"column":1},"end":{"line":56,"column":1}},{"start":{"line":56,"column":1},"end":{"line":56,"column":1}}]},"15":{"line":69,"type":"if","locations":[{"start":{"line":69,"column":2},"end":{"line":69,"column":2}},{"start":{"line":69,"column":2},"end":{"line":69,"column":2}}]},"16":{"line":76,"type":"if","locations":[{"start":{"line":76,"column":2},"end":{"line":76,"column":2}},{"start":{"line":76,"column":2},"end":{"line":76,"column":2}}]},"17":{"line":78,"type":"if","locations":[{"start":{"line":78,"column":4},"end":{"line":78,"column":4}},{"start":{"line":78,"column":4},"end":{"line":78,"column":4}}]},"18":{"line":80,"type":"if","locations":[{"start":{"line":80,"column":5},"end":{"line":80,"column":5}},{"start":{"line":80,"column":5},"end":{"line":80,"column":5}}]},"19":{"line":84,"type":"if","locations":[{"start":{"line":84,"column":5},"end":{"line":84,"column":5}},{"start":{"line":84,"column":5},"end":{"line":84,"column":5}}]},"20":{"line":121,"type":"if","locations":[{"start":{"line":121,"column":1},"end":{"line":121,"column":1}},{"start":{"line":121,"column":1},"end":{"line":121,"column":1}}]},"21":{"line":125,"type":"if","locations":[{"start":{"line":125,"column":1},"end":{"line":125,"column":1}},{"start":{"line":125,"column":1},"end":{"line":125,"column":1}}]},"22":{"line":128,"type":"if","locations":[{"start":{"line":128,"column":2},"end":{"line":128,"column":2}},{"start":{"line":128,"column":2},"end":{"line":128,"column":2}}]},"23":{"line":129,"type":"binary-expr","locations":[{"start":{"line":129,"column":11},"end":{"line":129,"column":39}},{"start":{"line":129,"column":43},"end":{"line":129,"column":71}}]},"24":{"line":132,"type":"if","locations":[{"start":{"line":132,"column":2},"end":{"line":132,"column":2}},{"start":{"line":132,"column":2},"end":{"line":132,"column":2}}]},"25":{"line":133,"type":"binary-expr","locations":[{"start":{"line":133,"column":11},"end":{"line":133,"column":39}},{"start":{"line":133,"column":43},"end":{"line":133,"column":71}}]},"26":{"line":139,"type":"if","locations":[{"start":{"line":139,"column":1},"end":{"line":139,"column":1}},{"start":{"line":139,"column":1},"end":{"line":139,"column":1}}]},"27":{"line":143,"type":"if","locations":[{"start":{"line":143,"column":1},"end":{"line":143,"column":1}},{"start":{"line":143,"column":1},"end":{"line":143,"column":1}}]},"28":{"line":147,"type":"if","locations":[{"start":{"line":147,"column":1},"end":{"line":147,"column":1}},{"start":{"line":147,"column":1},"end":{"line":147,"column":1}}]}}}}