{"/Users/lucdalton/node-text-match/index.js":{"path":"/Users/lucdalton/node-text-match/index.js","s":{"1":1,"2":1,"3":1,"4":16,"5":39,"6":14,"7":2,"8":1,"9":14,"10":14,"11":12,"12":2,"13":0,"14":2,"15":0,"16":2,"17":0,"18":2,"19":2,"20":2,"21":1,"22":6,"23":6,"24":41,"25":1,"26":1,"27":6,"28":34,"29":6,"30":29,"31":6,"32":6,"33":2,"34":6,"35":4,"36":2,"37":1,"38":5,"39":5,"40":1,"41":8,"42":8,"43":1,"44":3,"45":3,"46":1,"47":10,"48":10,"49":0,"50":10,"51":2,"52":2,"53":0,"54":0,"55":8,"56":2,"57":6,"58":5,"59":1,"60":1,"61":1,"62":1,"63":1,"64":1,"65":1},"b":{"1":[14,25],"2":[14,0],"3":[14,14],"4":[12,2],"5":[14,12],"6":[0,2],"7":[0,2],"8":[2,2],"9":[0,2],"10":[2,0],"11":[1,40],"12":[6,28],"13":[6,23],"14":[2,4],"15":[4,2],"16":[0,10],"17":[2,8],"18":[2,0],"19":[2,2],"20":[0,0],"21":[0,0],"22":[2,6],"23":[5,1],"24":[1,0]},"f":{"1":16,"2":14,"3":6,"4":5,"5":8,"6":3,"7":10},"fnMap":{"1":{"name":"(anonymous_1)","line":10,"loc":{"start":{"line":10,"column":26},"end":{"line":10,"column":42}}},"2":{"name":"checkQuery","line":20,"loc":{"start":{"line":20,"column":0},"end":{"line":20,"column":26}}},"3":{"name":"within","line":51,"loc":{"start":{"line":51,"column":0},"end":{"line":51,"column":28}}},"4":{"name":"exact","line":81,"loc":{"start":{"line":81,"column":0},"end":{"line":81,"column":26}}},"5":{"name":"looseMatch","line":87,"loc":{"start":{"line":87,"column":0},"end":{"line":87,"column":31}}},"6":{"name":"notMatch","line":94,"loc":{"start":{"line":94,"column":0},"end":{"line":94,"column":29}}},"7":{"name":"parseQuery","line":103,"loc":{"start":{"line":103,"column":0},"end":{"line":103,"column":32}}}},"statementMap":{"1":{"start":{"line":7,"column":0},"end":{"line":7,"column":67}},"2":{"start":{"line":8,"column":0},"end":{"line":8,"column":46}},"3":{"start":{"line":10,"column":0},"end":{"line":18,"column":1}},"4":{"start":{"line":11,"column":4},"end":{"line":15,"column":5}},"5":{"start":{"line":12,"column":6},"end":{"line":14,"column":7}},"6":{"start":{"line":13,"column":8},"end":{"line":13,"column":17}},"7":{"start":{"line":17,"column":4},"end":{"line":17,"column":14}},"8":{"start":{"line":20,"column":0},"end":{"line":48,"column":1}},"9":{"start":{"line":22,"column":1},"end":{"line":26,"column":2}},"10":{"start":{"line":23,"column":2},"end":{"line":25,"column":3}},"11":{"start":{"line":24,"column":3},"end":{"line":24,"column":10}},"12":{"start":{"line":29,"column":1},"end":{"line":31,"column":2}},"13":{"start":{"line":30,"column":2},"end":{"line":30,"column":38}},"14":{"start":{"line":34,"column":1},"end":{"line":36,"column":2}},"15":{"start":{"line":35,"column":2},"end":{"line":35,"column":38}},"16":{"start":{"line":38,"column":1},"end":{"line":40,"column":2}},"17":{"start":{"line":39,"column":2},"end":{"line":39,"column":38}},"18":{"start":{"line":42,"column":1},"end":{"line":44,"column":2}},"19":{"start":{"line":43,"column":2},"end":{"line":43,"column":25}},"20":{"start":{"line":46,"column":1},"end":{"line":46,"column":24}},"21":{"start":{"line":51,"column":0},"end":{"line":79,"column":1}},"22":{"start":{"line":53,"column":1},"end":{"line":53,"column":26}},"23":{"start":{"line":54,"column":1},"end":{"line":59,"column":2}},"24":{"start":{"line":55,"column":2},"end":{"line":58,"column":3}},"25":{"start":{"line":56,"column":3},"end":{"line":56,"column":23}},"26":{"start":{"line":57,"column":3},"end":{"line":57,"column":7}},"27":{"start":{"line":61,"column":1},"end":{"line":77,"column":2}},"28":{"start":{"line":62,"column":2},"end":{"line":76,"column":3}},"29":{"start":{"line":63,"column":3},"end":{"line":75,"column":4}},"30":{"start":{"line":64,"column":4},"end":{"line":74,"column":5}},"31":{"start":{"line":65,"column":5},"end":{"line":65,"column":20}},"32":{"start":{"line":66,"column":5},"end":{"line":68,"column":6}},"33":{"start":{"line":67,"column":6},"end":{"line":67,"column":17}},"34":{"start":{"line":70,"column":5},"end":{"line":72,"column":6}},"35":{"start":{"line":71,"column":6},"end":{"line":71,"column":18}},"36":{"start":{"line":78,"column":1},"end":{"line":78,"column":14}},"37":{"start":{"line":81,"column":0},"end":{"line":85,"column":1}},"38":{"start":{"line":83,"column":1},"end":{"line":83,"column":27}},"39":{"start":{"line":84,"column":1},"end":{"line":84,"column":22}},"40":{"start":{"line":87,"column":0},"end":{"line":92,"column":1}},"41":{"start":{"line":89,"column":1},"end":{"line":89,"column":41}},"42":{"start":{"line":90,"column":1},"end":{"line":90,"column":36}},"43":{"start":{"line":94,"column":0},"end":{"line":98,"column":1}},"44":{"start":{"line":96,"column":1},"end":{"line":96,"column":41}},"45":{"start":{"line":97,"column":1},"end":{"line":97,"column":37}},"46":{"start":{"line":103,"column":0},"end":{"line":137,"column":1}},"47":{"start":{"line":105,"column":1},"end":{"line":105,"column":19}},"48":{"start":{"line":107,"column":1},"end":{"line":109,"column":2}},"49":{"start":{"line":108,"column":2},"end":{"line":108,"column":22}},"50":{"start":{"line":111,"column":1},"end":{"line":122,"column":2}},"51":{"start":{"line":114,"column":2},"end":{"line":116,"column":3}},"52":{"start":{"line":115,"column":3},"end":{"line":115,"column":73}},"53":{"start":{"line":118,"column":2},"end":{"line":120,"column":3}},"54":{"start":{"line":119,"column":3},"end":{"line":119,"column":73}},"55":{"start":{"line":125,"column":1},"end":{"line":127,"column":2}},"56":{"start":{"line":126,"column":2},"end":{"line":126,"column":33}},"57":{"start":{"line":129,"column":1},"end":{"line":131,"column":2}},"58":{"start":{"line":130,"column":2},"end":{"line":130,"column":38}},"59":{"start":{"line":133,"column":1},"end":{"line":135,"column":2}},"60":{"start":{"line":134,"column":2},"end":{"line":134,"column":36}},"61":{"start":{"line":142,"column":0},"end":{"line":142,"column":39}},"62":{"start":{"line":143,"column":0},"end":{"line":143,"column":31}},"63":{"start":{"line":144,"column":0},"end":{"line":144,"column":29}},"64":{"start":{"line":145,"column":0},"end":{"line":145,"column":39}},"65":{"start":{"line":146,"column":0},"end":{"line":146,"column":35}}},"branchMap":{"1":{"line":12,"type":"if","locations":[{"start":{"line":12,"column":6},"end":{"line":12,"column":6}},{"start":{"line":12,"column":6},"end":{"line":12,"column":6}}]},"2":{"line":22,"type":"if","locations":[{"start":{"line":22,"column":1},"end":{"line":22,"column":1}},{"start":{"line":22,"column":1},"end":{"line":22,"column":1}}]},"3":{"line":22,"type":"binary-expr","locations":[{"start":{"line":22,"column":4},"end":{"line":22,"column":14}},{"start":{"line":22,"column":18},"end":{"line":22,"column":28}}]},"4":{"line":23,"type":"if","locations":[{"start":{"line":23,"column":2},"end":{"line":23,"column":2}},{"start":{"line":23,"column":2},"end":{"line":23,"column":2}}]},"5":{"line":23,"type":"binary-expr","locations":[{"start":{"line":23,"column":6},"end":{"line":23,"column":45}},{"start":{"line":23,"column":51},"end":{"line":23,"column":80}}]},"6":{"line":29,"type":"if","locations":[{"start":{"line":29,"column":1},"end":{"line":29,"column":1}},{"start":{"line":29,"column":1},"end":{"line":29,"column":1}}]},"7":{"line":34,"type":"if","locations":[{"start":{"line":34,"column":1},"end":{"line":34,"column":1}},{"start":{"line":34,"column":1},"end":{"line":34,"column":1}}]},"8":{"line":34,"type":"binary-expr","locations":[{"start":{"line":34,"column":6},"end":{"line":34,"column":16}},{"start":{"line":34,"column":20},"end":{"line":34,"column":30}}]},"9":{"line":38,"type":"if","locations":[{"start":{"line":38,"column":1},"end":{"line":38,"column":1}},{"start":{"line":38,"column":1},"end":{"line":38,"column":1}}]},"10":{"line":42,"type":"if","locations":[{"start":{"line":42,"column":1},"end":{"line":42,"column":1}},{"start":{"line":42,"column":1},"end":{"line":42,"column":1}}]},"11":{"line":55,"type":"if","locations":[{"start":{"line":55,"column":2},"end":{"line":55,"column":2}},{"start":{"line":55,"column":2},"end":{"line":55,"column":2}}]},"12":{"line":62,"type":"if","locations":[{"start":{"line":62,"column":2},"end":{"line":62,"column":2}},{"start":{"line":62,"column":2},"end":{"line":62,"column":2}}]},"13":{"line":64,"type":"if","locations":[{"start":{"line":64,"column":4},"end":{"line":64,"column":4}},{"start":{"line":64,"column":4},"end":{"line":64,"column":4}}]},"14":{"line":66,"type":"if","locations":[{"start":{"line":66,"column":5},"end":{"line":66,"column":5}},{"start":{"line":66,"column":5},"end":{"line":66,"column":5}}]},"15":{"line":70,"type":"if","locations":[{"start":{"line":70,"column":5},"end":{"line":70,"column":5}},{"start":{"line":70,"column":5},"end":{"line":70,"column":5}}]},"16":{"line":107,"type":"if","locations":[{"start":{"line":107,"column":1},"end":{"line":107,"column":1}},{"start":{"line":107,"column":1},"end":{"line":107,"column":1}}]},"17":{"line":111,"type":"if","locations":[{"start":{"line":111,"column":1},"end":{"line":111,"column":1}},{"start":{"line":111,"column":1},"end":{"line":111,"column":1}}]},"18":{"line":114,"type":"if","locations":[{"start":{"line":114,"column":2},"end":{"line":114,"column":2}},{"start":{"line":114,"column":2},"end":{"line":114,"column":2}}]},"19":{"line":115,"type":"binary-expr","locations":[{"start":{"line":115,"column":11},"end":{"line":115,"column":39}},{"start":{"line":115,"column":43},"end":{"line":115,"column":71}}]},"20":{"line":118,"type":"if","locations":[{"start":{"line":118,"column":2},"end":{"line":118,"column":2}},{"start":{"line":118,"column":2},"end":{"line":118,"column":2}}]},"21":{"line":119,"type":"binary-expr","locations":[{"start":{"line":119,"column":11},"end":{"line":119,"column":39}},{"start":{"line":119,"column":43},"end":{"line":119,"column":71}}]},"22":{"line":125,"type":"if","locations":[{"start":{"line":125,"column":1},"end":{"line":125,"column":1}},{"start":{"line":125,"column":1},"end":{"line":125,"column":1}}]},"23":{"line":129,"type":"if","locations":[{"start":{"line":129,"column":1},"end":{"line":129,"column":1}},{"start":{"line":129,"column":1},"end":{"line":129,"column":1}}]},"24":{"line":133,"type":"if","locations":[{"start":{"line":133,"column":1},"end":{"line":133,"column":1}},{"start":{"line":133,"column":1},"end":{"line":133,"column":1}}]}}}}