TN:
SF:/Users/lucdalton/node-text-match/index.js
FN:10,(anonymous_1)
FN:21,withinCheck
FN:31,checkQuery
FN:65,within
FN:96,exact
FN:102,looseMatch
FN:109,parseQuery
FNF:7
FNH:7
FNDA:44,(anonymous_1)
FNDA:9,withinCheck
FNDA:36,checkQuery
FNDA:8,within
FNDA:6,exact
FNDA:10,looseMatch
FNDA:17,parseQuery
DA:7,1
DA:8,1
DA:10,1
DA:12,44
DA:13,138
DA:14,31
DA:18,13
DA:21,1
DA:23,9
DA:24,5
DA:27,4
DA:31,1
DA:33,36
DA:34,4
DA:37,32
DA:38,25
DA:39,22
DA:43,10
DA:44,1
DA:48,9
DA:49,1
DA:52,8
DA:53,1
DA:56,7
DA:57,5
DA:60,7
DA:65,1
DA:67,8
DA:68,8
DA:69,51
DA:70,1
DA:71,1
DA:75,8
DA:76,36
DA:77,8
DA:78,35
DA:79,8
DA:80,8
DA:81,2
DA:84,8
DA:85,6
DA:93,2
DA:96,1
DA:98,6
DA:99,6
DA:102,1
DA:104,10
DA:105,10
DA:109,1
DA:111,17
DA:113,17
DA:114,2
DA:117,15
DA:120,3
DA:121,3
DA:124,0
DA:125,0
DA:131,12
DA:132,3
DA:135,9
DA:136,7
DA:139,2
DA:140,2
DA:145,1
DA:146,1
DA:147,1
DA:148,1
DA:149,1
DA:150,1
LF:69
LH:67
BRDA:13,1,0,31
BRDA:13,1,1,107
BRDA:23,2,0,5
BRDA:23,2,1,4
BRDA:23,3,0,9
BRDA:23,3,1,6
BRDA:23,3,2,6
BRDA:23,3,3,6
BRDA:33,4,0,4
BRDA:33,4,1,32
BRDA:33,5,0,36
BRDA:33,5,1,4
BRDA:37,6,0,25
BRDA:37,6,1,7
BRDA:37,7,0,32
BRDA:37,7,1,31
BRDA:37,7,2,30
BRDA:38,8,0,22
BRDA:38,8,1,3
BRDA:38,9,0,25
BRDA:38,9,1,24
BRDA:43,10,0,1
BRDA:43,10,1,9
BRDA:48,11,0,1
BRDA:48,11,1,8
BRDA:48,12,0,9
BRDA:48,12,1,8
BRDA:52,13,0,1
BRDA:52,13,1,7
BRDA:56,14,0,5
BRDA:56,14,1,2
BRDA:69,15,0,1
BRDA:69,15,1,50
BRDA:76,16,0,8
BRDA:76,16,1,28
BRDA:78,17,0,8
BRDA:78,17,1,27
BRDA:80,18,0,2
BRDA:80,18,1,6
BRDA:84,19,0,6
BRDA:84,19,1,2
BRDA:113,20,0,2
BRDA:113,20,1,15
BRDA:117,21,0,3
BRDA:117,21,1,12
BRDA:120,22,0,3
BRDA:120,22,1,0
BRDA:121,23,0,3
BRDA:121,23,1,3
BRDA:124,24,0,0
BRDA:124,24,1,0
BRDA:125,25,0,0
BRDA:125,25,1,0
BRDA:131,26,0,3
BRDA:131,26,1,9
BRDA:135,27,0,7
BRDA:135,27,1,2
BRDA:139,28,0,2
BRDA:139,28,1,0
BRF:59
BRH:53
end_of_record
