TN:
SF:/Users/lucdalton/node-text-match/index.js
FN:10,(anonymous_1)
FN:20,withinCheck
FN:30,checkQuery
FN:65,within
FN:95,exact
FN:101,looseMatch
FN:108,notMatch
FN:117,parseQuery
FNF:8
FNH:8
FNDA:34,(anonymous_1)
FNDA:6,withinCheck
FNDA:25,checkQuery
FNDA:6,within
FNDA:5,exact
FNDA:8,looseMatch
FNDA:3,notMatch
FNDA:10,parseQuery
DA:7,1
DA:8,1
DA:10,1
DA:11,34
DA:12,112
DA:13,21
DA:17,13
DA:20,1
DA:21,6
DA:22,2
DA:25,4
DA:30,1
DA:32,25
DA:33,1
DA:36,24
DA:37,18
DA:38,17
DA:43,7
DA:44,1
DA:48,6
DA:49,1
DA:52,5
DA:53,1
DA:56,4
DA:57,4
DA:60,4
DA:65,1
DA:67,6
DA:68,6
DA:69,41
DA:70,1
DA:71,1
DA:75,6
DA:76,34
DA:77,6
DA:78,29
DA:79,6
DA:80,6
DA:81,2
DA:84,6
DA:85,4
DA:92,2
DA:95,1
DA:97,5
DA:98,5
DA:101,1
DA:103,8
DA:104,8
DA:108,1
DA:110,3
DA:111,3
DA:117,1
DA:119,10
DA:121,10
DA:122,0
DA:125,10
DA:128,2
DA:129,2
DA:132,0
DA:133,0
DA:139,8
DA:140,2
DA:143,6
DA:144,5
DA:147,1
DA:148,1
DA:156,1
DA:157,1
DA:158,1
DA:159,1
DA:160,1
DA:161,1
DA:162,1
LF:73
LH:70
BRDA:12,1,0,21
BRDA:12,1,1,91
BRDA:21,2,0,2
BRDA:21,2,1,4
BRDA:21,3,0,6
BRDA:21,3,1,3
BRDA:21,3,2,3
BRDA:21,3,3,3
BRDA:32,4,0,1
BRDA:32,4,1,24
BRDA:32,5,0,25
BRDA:32,5,1,1
BRDA:36,6,0,18
BRDA:36,6,1,6
BRDA:36,7,0,24
BRDA:36,7,1,23
BRDA:36,7,2,22
BRDA:37,8,0,17
BRDA:37,8,1,1
BRDA:37,9,0,18
BRDA:37,9,1,17
BRDA:43,10,0,1
BRDA:43,10,1,6
BRDA:48,11,0,1
BRDA:48,11,1,5
BRDA:48,12,0,6
BRDA:48,12,1,5
BRDA:52,13,0,1
BRDA:52,13,1,4
BRDA:56,14,0,4
BRDA:56,14,1,0
BRDA:69,15,0,1
BRDA:69,15,1,40
BRDA:76,16,0,6
BRDA:76,16,1,28
BRDA:78,17,0,6
BRDA:78,17,1,23
BRDA:80,18,0,2
BRDA:80,18,1,4
BRDA:84,19,0,4
BRDA:84,19,1,2
BRDA:121,20,0,0
BRDA:121,20,1,10
BRDA:125,21,0,2
BRDA:125,21,1,8
BRDA:128,22,0,2
BRDA:128,22,1,0
BRDA:129,23,0,2
BRDA:129,23,1,2
BRDA:132,24,0,0
BRDA:132,24,1,0
BRDA:133,25,0,0
BRDA:133,25,1,0
BRDA:139,26,0,2
BRDA:139,26,1,6
BRDA:143,27,0,5
BRDA:143,27,1,1
BRDA:147,28,0,1
BRDA:147,28,1,0
BRF:59
BRH:51
end_of_record
